[INFO] Scanning for projects...
[INFO] 
[INFO] --------------------< se.kth.journal:user-service >---------------------
[INFO] Building user-service 0.0.1-SNAPSHOT
[INFO]   from pom.xml
[INFO] --------------------------------[ jar ]---------------------------------
[INFO] 
[INFO] >>> spring-boot:3.2.4:run (default-cli) > test-compile @ user-service >>>
[INFO] 
[INFO] --- resources:3.3.1:resources (default-resources) @ user-service ---
[INFO] Copying 1 resource from src/main/resources to target/classes
[INFO] Copying 0 resource from src/main/resources to target/classes
[INFO] 
[INFO] --- compiler:3.11.0:compile (default-compile) @ user-service ---
[INFO] Nothing to compile - all classes are up to date
[INFO] 
[INFO] --- resources:3.3.1:testResources (default-testResources) @ user-service ---
[INFO] skip non existing resourceDirectory /Users/a3/Documents/journal-system/user-service/src/test/resources
[INFO] 
[INFO] --- compiler:3.11.0:testCompile (default-testCompile) @ user-service ---
[INFO] Nothing to compile - all classes are up to date
[INFO] 
[INFO] <<< spring-boot:3.2.4:run (default-cli) < test-compile @ user-service <<<
[INFO] 
[INFO] 
[INFO] --- spring-boot:3.2.4:run (default-cli) @ user-service ---
[INFO] Attaching agents: []

  .   ____          _            __ _ _
 /\\ / ___'_ __ _ _(_)_ __  __ _ \ \ \ \
( ( )\___ | '_ | '_| | '_ \/ _` | \ \ \ \
 \\/  ___)| |_)| | | | | || (_| |  ) ) ) )
  '  |____| .__|_| |_|_| |_\__, | / / / /
 =========|_|==============|___/=/_/_/_/
[32m :: Spring Boot :: [39m              [2m (v3.2.4)[0;39m

[2m2025-12-05T20:57:40.384+01:00[0;39m [32m INFO[0;39m [35m94290[0;39m [2m---[0;39m [2m[           main][0;39m [2m[0;39m[36ms.k.j.u.UserServiceApplication          [0;39m [2m:[0;39m Starting UserServiceApplication using Java 22.0.2 with PID 94290 (/Users/a3/Documents/journal-system/user-service/target/classes started by a3 in /Users/a3/Documents/journal-system/user-service)
[2m2025-12-05T20:57:40.388+01:00[0;39m [32m INFO[0;39m [35m94290[0;39m [2m---[0;39m [2m[           main][0;39m [2m[0;39m[36ms.k.j.u.UserServiceApplication          [0;39m [2m:[0;39m No active profile set, falling back to 1 default profile: "default"
[2m2025-12-05T20:57:41.529+01:00[0;39m [32m INFO[0;39m [35m94290[0;39m [2m---[0;39m [2m[           main][0;39m [2m[0;39m[36m.s.d.r.c.RepositoryConfigurationDelegate[0;39m [2m:[0;39m Bootstrapping Spring Data JPA repositories in DEFAULT mode.
[2m2025-12-05T20:57:41.613+01:00[0;39m [32m INFO[0;39m [35m94290[0;39m [2m---[0;39m [2m[           main][0;39m [2m[0;39m[36m.s.d.r.c.RepositoryConfigurationDelegate[0;39m [2m:[0;39m Finished Spring Data repository scanning in 76 ms. Found 1 JPA repository interface.
[2m2025-12-05T20:57:42.904+01:00[0;39m [32m INFO[0;39m [35m94290[0;39m [2m---[0;39m [2m[           main][0;39m [2m[0;39m[36mo.s.b.w.embedded.tomcat.TomcatWebServer [0;39m [2m:[0;39m Tomcat initialized with port 8091 (http)
[2m2025-12-05T20:57:42.935+01:00[0;39m [32m INFO[0;39m [35m94290[0;39m [2m---[0;39m [2m[           main][0;39m [2m[0;39m[36mo.apache.catalina.core.StandardService  [0;39m [2m:[0;39m Starting service [Tomcat]
[2m2025-12-05T20:57:42.936+01:00[0;39m [32m INFO[0;39m [35m94290[0;39m [2m---[0;39m [2m[           main][0;39m [2m[0;39m[36mo.apache.catalina.core.StandardEngine   [0;39m [2m:[0;39m Starting Servlet engine: [Apache Tomcat/10.1.19]
[2m2025-12-05T20:57:43.022+01:00[0;39m [32m INFO[0;39m [35m94290[0;39m [2m---[0;39m [2m[           main][0;39m [2m[0;39m[36mo.a.c.c.C.[Tomcat].[localhost].[/]      [0;39m [2m:[0;39m Initializing Spring embedded WebApplicationContext
[2m2025-12-05T20:57:43.024+01:00[0;39m [32m INFO[0;39m [35m94290[0;39m [2m---[0;39m [2m[           main][0;39m [2m[0;39m[36mw.s.c.ServletWebServerApplicationContext[0;39m [2m:[0;39m Root WebApplicationContext: initialization completed in 2568 ms
[2m2025-12-05T20:57:43.250+01:00[0;39m [32m INFO[0;39m [35m94290[0;39m [2m---[0;39m [2m[           main][0;39m [2m[0;39m[36mo.hibernate.jpa.internal.util.LogHelper [0;39m [2m:[0;39m HHH000204: Processing PersistenceUnitInfo [name: default]
[2m2025-12-05T20:57:43.317+01:00[0;39m [32m INFO[0;39m [35m94290[0;39m [2m---[0;39m [2m[           main][0;39m [2m[0;39m[36morg.hibernate.Version                   [0;39m [2m:[0;39m HHH000412: Hibernate ORM core version 6.4.4.Final
[2m2025-12-05T20:57:43.440+01:00[0;39m [32m INFO[0;39m [35m94290[0;39m [2m---[0;39m [2m[           main][0;39m [2m[0;39m[36mo.h.c.internal.RegionFactoryInitiator   [0;39m [2m:[0;39m HHH000026: Second-level cache disabled
[2m2025-12-05T20:57:44.017+01:00[0;39m [32m INFO[0;39m [35m94290[0;39m [2m---[0;39m [2m[           main][0;39m [2m[0;39m[36mo.s.o.j.p.SpringPersistenceUnitInfo     [0;39m [2m:[0;39m No LoadTimeWeaver setup: ignoring JPA class transformer
[2m2025-12-05T20:57:44.110+01:00[0;39m [32m INFO[0;39m [35m94290[0;39m [2m---[0;39m [2m[           main][0;39m [2m[0;39m[36mcom.zaxxer.hikari.HikariDataSource      [0;39m [2m:[0;39m HikariPool-1 - Starting...
[2m2025-12-05T20:57:44.507+01:00[0;39m [32m INFO[0;39m [35m94290[0;39m [2m---[0;39m [2m[           main][0;39m [2m[0;39m[36mcom.zaxxer.hikari.pool.HikariPool       [0;39m [2m:[0;39m HikariPool-1 - Added connection com.mysql.cj.jdbc.ConnectionImpl@5844a2d1
[2m2025-12-05T20:57:44.521+01:00[0;39m [32m INFO[0;39m [35m94290[0;39m [2m---[0;39m [2m[           main][0;39m [2m[0;39m[36mcom.zaxxer.hikari.HikariDataSource      [0;39m [2m:[0;39m HikariPool-1 - Start completed.
[2m2025-12-05T20:57:46.766+01:00[0;39m [32m INFO[0;39m [35m94290[0;39m [2m---[0;39m [2m[           main][0;39m [2m[0;39m[36mo.h.e.t.j.p.i.JtaPlatformInitiator      [0;39m [2m:[0;39m HHH000489: No JTA platform available (set 'hibernate.transaction.jta.platform' to enable JTA platform integration)
[2m2025-12-05T20:57:46.883+01:00[0;39m [32m INFO[0;39m [35m94290[0;39m [2m---[0;39m [2m[           main][0;39m [2m[0;39m[36mj.LocalContainerEntityManagerFactoryBean[0;39m [2m:[0;39m Initialized JPA EntityManagerFactory for persistence unit 'default'
Hibernate: 
    select
        count(*) 
    from
        users u1_0
[2m2025-12-05T20:57:48.412+01:00[0;39m [33m WARN[0;39m [35m94290[0;39m [2m---[0;39m [2m[           main][0;39m [2m[0;39m[36mJpaBaseConfiguration$JpaWebConfiguration[0;39m [2m:[0;39m spring.jpa.open-in-view is enabled by default. Therefore, database queries may be performed during view rendering. Explicitly configure spring.jpa.open-in-view to disable this warning
[2m2025-12-05T20:57:48.946+01:00[0;39m [32m INFO[0;39m [35m94290[0;39m [2m---[0;39m [2m[           main][0;39m [2m[0;39m[36mo.s.b.w.embedded.tomcat.TomcatWebServer [0;39m [2m:[0;39m Tomcat started on port 8091 (http) with context path ''
[2m2025-12-05T20:57:48.957+01:00[0;39m [32m INFO[0;39m [35m94290[0;39m [2m---[0;39m [2m[           main][0;39m [2m[0;39m[36ms.k.j.u.UserServiceApplication          [0;39m [2m:[0;39m Started UserServiceApplication in 9.7 seconds (process running for 10.288)
[INFO] ------------------------------------------------------------------------
[INFO] BUILD FAILURE
[INFO] ------------------------------------------------------------------------
[INFO] Total time:  55:19 min
[INFO] Finished at: 2025-12-05T21:52:53+01:00
[INFO] ------------------------------------------------------------------------
[ERROR] Failed to execute goal org.springframework.boot:spring-boot-maven-plugin:3.2.4:run (default-cli) on project user-service: Process terminated with exit code: 137 -> [Help 1]
[ERROR] 
[ERROR] To see the full stack trace of the errors, re-run Maven with the -e switch.
[ERROR] Re-run Maven using the -X switch to enable full debug logging.
[ERROR] 
[ERROR] For more information about the errors and possible solutions, please read the following articles:
[ERROR] [Help 1] http://cwiki.apache.org/confluence/display/MAVEN/MojoExecutionException
